<?xml version="1.0" encoding="UTF-8"?>
<robot generator="Robot 3.1.2 (Python 3.7.3 on win32)" generated="20191208 15:50:56.452" rpa="false">
<suite id="s1" name="Test Suite 1" source="C:\Users\bharg\Eclipse_Workspace\ROBOT_RE\test\test_suite_1.robot">
<kw name="Log" library="BuiltIn" type="setup">
<doc>Logs the given message with the given level.</doc>
<arguments>
<arg>I am inside suite setup</arg>
</arguments>
<msg timestamp="20191208 15:50:57.138" level="INFO">I am inside suite setup</msg>
<status status="PASS" starttime="20191208 15:50:57.138" endtime="20191208 15:50:57.138"></status>
</kw>
<test id="s1-t1" name="MyfirstCase">
<kw name="Log" library="BuiltIn" type="setup">
<doc>Logs the given message with the given level.</doc>
<arguments>
<arg>I am inside test case setup</arg>
</arguments>
<msg timestamp="20191208 15:50:57.140" level="INFO">I am inside test case setup</msg>
<status status="PASS" starttime="20191208 15:50:57.139" endtime="20191208 15:50:57.140"></status>
</kw>
<kw name="Log" library="BuiltIn">
<doc>Logs the given message with the given level.</doc>
<arguments>
<arg>Hello World first ....</arg>
</arguments>
<msg timestamp="20191208 15:50:57.140" level="INFO">Hello World first ....</msg>
<status status="PASS" starttime="20191208 15:50:57.140" endtime="20191208 15:50:57.140"></status>
</kw>
<kw name="Log" library="BuiltIn" type="teardown">
<doc>Logs the given message with the given level.</doc>
<arguments>
<arg>I am inside test case teardown</arg>
</arguments>
<msg timestamp="20191208 15:50:57.142" level="INFO">I am inside test case teardown</msg>
<status status="PASS" starttime="20191208 15:50:57.141" endtime="20191208 15:50:57.143"></status>
</kw>
<tags>
<tag>smoke</tag>
</tags>
<status status="PASS" starttime="20191208 15:50:57.138" endtime="20191208 15:50:57.143" critical="yes"></status>
</test>
<kw name="Log" library="BuiltIn" type="teardown">
<doc>Logs the given message with the given level.</doc>
<arguments>
<arg>Iam inside suite teardown</arg>
</arguments>
<msg timestamp="20191208 15:50:57.147" level="INFO">Iam inside suite teardown</msg>
<status status="PASS" starttime="20191208 15:50:57.146" endtime="20191208 15:50:57.147"></status>
</kw>
<status status="PASS" starttime="20191208 15:50:56.457" endtime="20191208 15:50:57.147"></status>
</suite>
<statistics>
<total>
<stat pass="1" fail="0">Critical Tests</stat>
<stat pass="1" fail="0">All Tests</stat>
</total>
<tag>
<stat pass="1" fail="0">smoke</stat>
</tag>
<suite>
<stat pass="1" fail="0" id="s1" name="Test Suite 1">Test Suite 1</stat>
</suite>
</statistics>
<errors>
</errors>
</robot>
